-------------------------------------------------------------------------------
Test set: bgu.spl.mics.application.objects.FusionSlamTest
-------------------------------------------------------------------------------
Tests run: 4, Failures: 2, Errors: 0, Skipped: 0, Time elapsed: 0.067 s <<< FAILURE! -- in bgu.spl.mics.application.objects.FusionSlamTest
bgu.spl.mics.application.objects.FusionSlamTest.testAddOrChangeLM_WithTransformedCoordinates -- Time elapsed: 0.025 s <<< FAILURE!
org.opentest4j.AssertionFailedError: expected: <0.0> but was: <0.875>
	at org.junit.jupiter.api.AssertionFailureBuilder.build(AssertionFailureBuilder.java:151)
	at org.junit.jupiter.api.AssertionFailureBuilder.buildAndThrow(AssertionFailureBuilder.java:132)
	at org.junit.jupiter.api.AssertEquals.failNotEqual(AssertEquals.java:197)
	at org.junit.jupiter.api.AssertEquals.assertEquals(AssertEquals.java:86)
	at org.junit.jupiter.api.AssertEquals.assertEquals(AssertEquals.java:81)
	at org.junit.jupiter.api.Assertions.assertEquals(Assertions.java:1014)
	at bgu.spl.mics.application.objects.FusionSlamTest.testAddOrChangeLM_WithTransformedCoordinates(FusionSlamTest.java:85)
	at java.base/java.lang.reflect.Method.invoke(Method.java:568)
	at java.base/java.util.ArrayList.forEach(ArrayList.java:1511)
	at java.base/java.util.ArrayList.forEach(ArrayList.java:1511)

bgu.spl.mics.application.objects.FusionSlamTest.testAddOrChangeLM_UpdateExistingLandmarks -- Time elapsed: 0 s <<< FAILURE!
org.opentest4j.AssertionFailedError: expected: <2.0> but was: <1.96875>
	at org.junit.jupiter.api.AssertionFailureBuilder.build(AssertionFailureBuilder.java:151)
	at org.junit.jupiter.api.AssertionFailureBuilder.buildAndThrow(AssertionFailureBuilder.java:132)
	at org.junit.jupiter.api.AssertEquals.failNotEqual(AssertEquals.java:197)
	at org.junit.jupiter.api.AssertEquals.assertEquals(AssertEquals.java:70)
	at org.junit.jupiter.api.AssertEquals.assertEquals(AssertEquals.java:65)
	at org.junit.jupiter.api.Assertions.assertEquals(Assertions.java:889)
	at bgu.spl.mics.application.objects.FusionSlamTest.testAddOrChangeLM_UpdateExistingLandmarks(FusionSlamTest.java:70)
	at java.base/java.lang.reflect.Method.invoke(Method.java:568)
	at java.base/java.util.ArrayList.forEach(ArrayList.java:1511)
	at java.base/java.util.ArrayList.forEach(ArrayList.java:1511)

