<?xml version="1.0" encoding="UTF-8"?>
<testsuite xmlns:xsi="http://www.w3.org/2001/XMLSchema-instance" xsi:noNamespaceSchemaLocation="https://maven.apache.org/surefire/maven-surefire-plugin/xsd/surefire-test-report.xsd" version="3.0.2" name="bgu.spl.mics.application.objects.CameraTest" time="0.093" tests="5" errors="0" skipped="0" failures="0">
  <properties>
[...]
</properties>
  <testcase name="testNextWithNoMatchingTime" classname="bgu.spl.mics.application.objects.CameraTest" time="0.044">
    <system-out><![CDATA[trynig to get next at time 99
]]></system-out>
  </testcase>
  <testcase name="testNextDetectsError" classname="bgu.spl.mics.application.objects.CameraTest" time="0.002">
    <system-out><![CDATA[trynig to get next at time 1
returning not null at time 1
trynig to get next at time 2
returning not null at time 2
trynig to get next at time 3
Error: description
Adding Detected by Camera
Error: true
]]></system-out>
  </testcase>
  <testcase name="testNextReturnsCorrectObject" classname="bgu.spl.mics.application.objects.CameraTest" time="0.0">
    <system-out><![CDATA[trynig to get next at time 1
returning not null at time 1
trynig to get next at time 2
returning not null at time 2
]]></system-out>
  </testcase>
  <testcase name="testCameraInitialization" classname="bgu.spl.mics.application.objects.CameraTest" time="0.006"/>
  <testcase name="testNextWithNoMoreDetections" classname="bgu.spl.mics.application.objects.CameraTest" time="0.001">
    <system-out><![CDATA[trynig to get next at time 1
returning not null at time 1
trynig to get next at time 2
returning not null at time 2
trynig to get next at time 3
returning null at time 3
]]></system-out>
  </testcase>
</testsuite>